

  test esm build
    ✓ classes should throw if called as functions

  make a hashchain
    ✓ 2 chains should be created if called without length parameter
    ✓ 20 chains should be created if called with a length parameter of 20
    ✓ starting index should be 2 if this is specified at creation
    ✓ from test mnemonic first hashchain should have a hashroot of 23bc...86a6
    ✓ from test mnemonic last hashchain should have a hashreveal of 22a4...26ba
    ✓ expect overlapping chains to have same data
    ✓ expect to throw when an unimplemented hash function is used


  8 passing (38ms)

TN:
SF:dist/hashchains.esm.js
FN:2,_classCallCheck
FN:11,HashChain
FN:32,HashChains
FNF:3
FNH:3
FNDA:49,_classCallCheck
FNDA:40,HashChain
FNDA:9,HashChains
DA:3,49
DA:4,2
DA:9,1
DA:11,1
DA:12,40
DA:14,39
DA:15,39
DA:16,39
DA:17,39
DA:18,39
DA:20,39
DA:21,2433
DA:22,2432
DA:24,1
DA:28,38
DA:29,38
DA:32,1
DA:33,9
DA:35,8
DA:36,8
DA:37,8
DA:38,8
DA:39,8
DA:40,8
DA:42,8
DA:43,39
DA:44,38
DA:46,1
DA:48,38
DA:49,38
DA:57,7
DA:60,1
LF:32
LH:32
BRDA:3,0,0,2
BRDA:3,0,1,47
BRDA:15,1,0,39
BRDA:15,1,1,38
BRDA:16,2,0,39
BRDA:16,2,1,39
BRDA:21,3,0,2432
BRDA:21,3,1,1
BRDA:35,4,0,8
BRDA:35,4,1,7
BRDA:36,5,0,8
BRDA:36,5,1,8
BRDA:37,6,0,8
BRDA:37,6,1,6
BRDA:38,7,0,8
BRDA:38,7,1,3
BRDA:43,8,0,38
BRDA:43,8,1,1
BRF:18
BRH:18
end_of_record
